<?xml version="1.0" encoding="UTF-8"?>
<testsuite xmlns:xsi="http://www.w3.org/2001/XMLSchema-instance" xsi:noNamespaceSchemaLocation="https://maven.apache.org/surefire/maven-surefire-plugin/xsd/surefire-test-report.xsd" name="com.fxc.martrust.fx_api.ExchangeRatesApiTest" time="0.034" tests="2" errors="0" skipped="0" failures="0">
  <properties>
[...]
</properties>
  <testcase name="testWhenGetSymbolsReturnValue" classname="com.fxc.martrust.fx_api.ExchangeRatesApiTest$GetSymbols" time="0.027"/>
  <testcase name="testWhenGetCurrencyReturnValue" classname="com.fxc.martrust.fx_api.ExchangeRatesApiTest$GetCurrency" time="0.005"/>
</testsuite>